#
# There is insufficient memory for the Java Runtime Environment to continue.
# Native memory allocation (malloc) failed to allocate 425696 bytes for Chunk::new
# Possible reasons:
#   The system is out of physical RAM or swap space
#   In 32 bit mode, the process size limit was hit
# Possible solutions:
#   Reduce memory load on the system
#   Increase physical memory or swap space
#   Check if swap backing store is full
#   Use 64 bit Java on a 64 bit OS
#   Decrease Java heap size (-Xmx/-Xms)
#   Decrease number of Java threads
#   Decrease Java thread stack sizes (-Xss)
#   Set larger code cache with -XX:ReservedCodeCacheSize=
# This output file may be truncated or incomplete.
#
#  Out of Memory Error (allocation.cpp:390), pid=8036, tid=0x0000000000002350
#
# JRE version: Java(TM) SE Runtime Environment (8.0_92-b14) (build 1.8.0_92-b14)
# Java VM: Java HotSpot(TM) 64-Bit Server VM (25.92-b14 mixed mode windows-amd64 compressed oops)
# Failed to write core dump. Minidumps are not enabled by default on client versions of Windows
#

---------------  T H R E A D  ---------------

Current thread (0x000000001507d800):  JavaThread "C2 CompilerThread1" daemon [_thread_in_native, id=9040, stack(0x0000000016b00000,0x0000000016c00000)]

Stack: [0x0000000016b00000,0x0000000016c00000]
[error occurred during error reporting (printing stack bounds), id 0xc0000005]

Native frames: (J=compiled Java code, j=interpreted, Vv=VM code, C=native code)


Current CompileTask:
C2:   1200 1248       4       com.android.dx.ssa.SCCP::simulateStmt (481 bytes)


---------------  P R O C E S S  ---------------

Java Threads: ( => current thread )
  0x00000000169b2800 JavaThread "pool-2-thread-4" [_thread_in_Java, id=9288, stack(0x0000000017300000,0x0000000017400000)]
  0x00000000169b1000 JavaThread "pool-2-thread-3" [_thread_blocked, id=17696, stack(0x0000000017200000,0x0000000017300000)]
  0x00000000169ab800 JavaThread "pool-2-thread-2" [_thread_blocked, id=12508, stack(0x0000000017100000,0x0000000017200000)]
  0x000000001698a800 JavaThread "pool-3-thread-1" [_thread_blocked, id=6896, stack(0x0000000017000000,0x0000000017100000)]
  0x0000000016975800 JavaThread "pool-2-thread-1" [_thread_blocked, id=15532, stack(0x0000000016f00000,0x0000000017000000)]
  0x000000001676a000 JavaThread "Service Thread" daemon [_thread_blocked, id=16264, stack(0x0000000016d00000,0x0000000016e00000)]
  0x000000001675b800 JavaThread "C1 CompilerThread2" daemon [_thread_blocked, id=16952, stack(0x0000000016c00000,0x0000000016d00000)]
=>0x000000001507d800 JavaThread "C2 CompilerThread1" daemon [_thread_in_native, id=9040, stack(0x0000000016b00000,0x0000000016c00000)]
  0x000000001507b800 JavaThread "C2 CompilerThread0" daemon [_thread_in_native, id=11276, stack(0x0000000016600000,0x0000000016700000)]
  0x000000001502e800 JavaThread "Attach Listener" daemon [_thread_blocked, id=5116, stack(0x0000000016500000,0x0000000016600000)]
  0x0000000015016800 JavaThread "Signal Dispatcher" daemon [_thread_blocked, id=15236, stack(0x0000000016400000,0x0000000016500000)]
  0x0000000002945800 JavaThread "Finalizer" daemon [_thread_blocked, id=1188, stack(0x0000000016280000,0x0000000016380000)]
  0x0000000002940000 JavaThread "Reference Handler" daemon [_thread_blocked, id=5416, stack(0x0000000016180000,0x0000000016280000)]
  0x00000000023bd800 JavaThread "main" [_thread_blocked, id=2944, stack(0x0000000002750000,0x0000000002850000)]

Other Threads:
  0x0000000014fe7800 VMThread [stack: 0x0000000016080000,0x0000000016180000] [id=6492]
  0x0000000016766000 WatcherThread [stack: 0x0000000016e00000,0x0000000016f00000] [id=5268]

VM state:not at safepoint (normal execution)

VM Mutex/Monitor currently owned by a thread: None

Heap:
 PSYoungGen      total 76288K, used 43269K [0x00000000eab00000, 0x00000000f0000000, 0x0000000100000000)
  eden space 65536K, 66% used [0x00000000eab00000,0x00000000ed541470,0x00000000eeb00000)
  from space 10752K, 0% used [0x00000000ef580000,0x00000000ef580000,0x00000000f0000000)
  to   space 10752K, 0% used [0x00000000eeb00000,0x00000000eeb00000,0x00000000ef580000)
 ParOldGen       total 175104K, used 0K [0x00000000c0000000, 0x00000000cab00000, 0x00000000eab00000)
  object space 175104K, 0% used [0x00000000c0000000,0x00000000c0000000,0x00000000cab00000)
 Metaspace       used 6114K, capacity 6966K, committed 7040K, reserved 1056768K
  class space    used 605K, capacity 622K, committed 640K, reserved 1048576K

Card table byte_map: [0x0000000011d10000,0x0000000011f20000] byte_map_base: 0x0000000011710000

Marking Bits: (ParMarkBitMap*) 0x000000006c1e64f0
 Begin Bits: [0x0000000012480000, 0x0000000013480000)
 End Bits:   [0x0000000013480000, 0x0000000014480000)

Polling page: 0x00000000022f0000

CodeCache: size=245760Kb used=5435Kb max_used=5435Kb free=240324Kb
 bounds [0x0000000002950000, 0x0000000002eb0000, 0x0000000011950000]
 total_blobs=1593 nmethods=1321 adapters=184
 compilation: enabled

Compilation events (10 events):
Event: 1.197 Thread 0x000000001675b800 1325       3       com.android.dx.rop.cst.CstType::<init> (46 bytes)
Event: 1.197 Thread 0x000000001675b800 nmethod 1325 0x0000000002ea0890 code [0x0000000002ea0a40, 0x0000000002ea0ed8]
Event: 1.197 Thread 0x000000001675b800 1324       3       java.lang.Character::forDigit (42 bytes)
Event: 1.197 Thread 0x000000001675b800 nmethod 1324 0x0000000002ea10d0 code [0x0000000002ea1240, 0x0000000002ea14f0]
Event: 1.197 Thread 0x000000001675b800 1332       1       com.android.dx.cf.attrib.InnerClassList$Item::getInnerClass (5 bytes)
Event: 1.197 Thread 0x000000001675b800 nmethod 1332 0x0000000002ea1550 code [0x0000000002ea16a0, 0x0000000002ea17b0]
Event: 1.197 Thread 0x000000001675b800 1333       1       com.android.dx.cf.attrib.InnerClassList$Item::getOuterClass (5 bytes)
Event: 1.197 Thread 0x000000001675b800 nmethod 1333 0x0000000002ea1810 code [0x0000000002ea1960, 0x0000000002ea1a70]
Event: 1.197 Thread 0x000000001675b800 1330       1       sun.util.calendar.CalendarDate::getMonth (5 bytes)
Event: 1.197 Thread 0x000000001675b800 nmethod 1330 0x0000000002ea1ad0 code [0x0000000002ea1c20, 0x0000000002ea1d30]

GC Heap History (0 events):
No events

Deoptimization events (10 events):
Event: 1.080 Thread 0x00000000169b2800 Uncommon trap: reason=bimorphic action=maybe_recompile pc=0x0000000002bb9724 method=java.util.HashMap.getNode(ILjava/lang/Object;)Ljava/util/HashMap$Node; @ 126
Event: 1.081 Thread 0x00000000169b2800 Uncommon trap: reason=class_check action=maybe_recompile pc=0x0000000002d5338c method=java.util.HashMap.putVal(ILjava/lang/Object;Ljava/lang/Object;ZZ)Ljava/lang/Object; @ 203
Event: 1.097 Thread 0x00000000169b2800 Uncommon trap: reason=unstable_if action=reinterpret pc=0x0000000002d0432c method=com.android.dx.rop.code.RegisterSpecSet.put(Lcom/android/dx/rop/code/RegisterSpec;)V @ 77
Event: 1.097 Thread 0x00000000169b2800 Uncommon trap: reason=unstable_if action=reinterpret pc=0x0000000002d31924 method=com.android.dx.rop.code.RegisterSpecSet.put(Lcom/android/dx/rop/code/RegisterSpec;)V @ 77
Event: 1.098 Thread 0x00000000169b2800 Uncommon trap: reason=bimorphic action=maybe_recompile pc=0x0000000002bb9724 method=java.util.HashMap.getNode(ILjava/lang/Object;)Ljava/util/HashMap$Node; @ 126
Event: 1.098 Thread 0x00000000169b2800 Uncommon trap: reason=class_check action=maybe_recompile pc=0x0000000002d5338c method=java.util.HashMap.putVal(ILjava/lang/Object;Ljava/lang/Object;ZZ)Ljava/lang/Object; @ 203
Event: 1.098 Thread 0x00000000169b2800 Uncommon trap: reason=bimorphic action=maybe_recompile pc=0x0000000002bb9724 method=java.util.HashMap.getNode(ILjava/lang/Object;)Ljava/util/HashMap$Node; @ 126
Event: 1.098 Thread 0x00000000169b2800 Uncommon trap: reason=class_check action=maybe_recompile pc=0x0000000002d5338c method=java.util.HashMap.putVal(ILjava/lang/Object;Ljava/lang/Object;ZZ)Ljava/lang/Object; @ 203
Event: 1.098 Thread 0x00000000169b2800 Uncommon trap: reason=bimorphic action=maybe_recompile pc=0x0000000002bb9724 method=java.util.HashMap.getNode(ILjava/lang/Object;)Ljava/util/HashMap$Node; @ 126
Event: 1.098 Thread 0x00000000169b2800 Uncommon trap: reason=class_check action=maybe_recompile pc=0x0000000002d5338c method=java.util.HashMap.putVal(ILjava/lang/Object;Ljava/lang/Object;ZZ)Ljava/lang/Object; @ 203

Internal exceptions (3 events):
Event: 0.071 Thread 0x00000000023bd800 Exception <a 'java/lang/NoSuchMethodError': Method sun.misc.Unsafe.defineClass(Ljava/lang/String;[BII)Ljava/lang/Class; name or signature does not match> (0x00000000eab07cc0) thrown at [D:\re\workspace\8-2-build-windows-amd64-cygwin\jdk8u92\6642\hotspot\srîg1`c!≤?
Event: 0.071 Thread 0x00000000023bd800 Exception <a 'java/lang/NoSuchMethodError': Method sun.misc.Unsafe.prefetchRead(Ljava/lang/Object;J)V name or signature does not match> (0x00000000eab07fa8) thrown at [D:\re\workspace\8-2-build-windows-amd64-cygwin\jdk8u92\6642\hotspot\src\share\vm\prims\jæp>w”‹Í?
Event: 0.839 Thread 0x00000000169b2800 Implicit null exception at 0x0000000002cb03a2 to 0x0000000002cb049a

Events (10 events):
Event: 1.098 Thread 0x00000000169b2800 DEOPT PACKING pc=0x0000000002d5338c sp=0x00000000173fe910
Event: 1.098 Thread 0x00000000169b2800 DEOPT UNPACKING pc=0x000000000299582a sp=0x00000000173fe838 mode 2
Event: 1.098 Thread 0x00000000169b2800 Uncommon trap: trap_request=0xffffffc6 fr.pc=0x0000000002bb9724
Event: 1.098 Thread 0x00000000169b2800 DEOPT PACKING pc=0x0000000002bb9724 sp=0x00000000173fe940
Event: 1.098 Thread 0x00000000169b2800 DEOPT UNPACKING pc=0x000000000299582a sp=0x00000000173fe858 mode 2
Event: 1.098 Thread 0x00000000169b2800 Uncommon trap: trap_request=0xffffffde fr.pc=0x0000000002d5338c
Event: 1.098 Thread 0x00000000169b2800 DEOPT PACKING pc=0x0000000002d5338c sp=0x00000000173fe910
Event: 1.098 Thread 0x00000000169b2800 DEOPT UNPACKING pc=0x000000000299582a sp=0x00000000173fe838 mode 2
Event: 1.144 Thread 0x00000000169b1000 DEOPT PACKING pc=0x0000000002bfdd97 sp=0x00000000172fecb0
Event: 1.144 Thread 0x00000000169b1000 DEOPT UNPACKING pc=0x000000000299787f sp=0x00000000172feaa0 mode 0


Dynamic libraries:
0x00007ff724bf0000 - 0x00007ff724c27000 	C:\Program Files\Java\jdk1.8.0_92\bin\java.exe
0x00007ffeae660000 - 0x00007ffeae831000 	C:\WINDOWS\SYSTEM32\ntdll.dll
0x00007ffeac450000 - 0x00007ffeac4fb000 	C:\WINDOWS\System32\KERNEL32.DLL
0x00007ffeaadb0000 - 0x00007ffeaafcd000 	C:\WINDOWS\System32\KERNELBASE.dll
0x00007ffeac2e0000 - 0x00007ffeac382000 	C:\WINDOWS\System32\ADVAPI32.dll
0x00007ffeac390000 - 0x00007ffeac42e000 	C:\WINDOWS\System32\msvcrt.dll
0x00007ffeae140000 - 0x00007ffeae199000 	C:\WINDOWS\System32\sechost.dll
0x00007ffeadb80000 - 0x00007ffeadca1000 	C:\WINDOWS\System32\RPCRT4.dll
0x00007ffeada10000 - 0x00007ffeadb75000 	C:\WINDOWS\System32\USER32.dll
0x00007ffeabbd0000 - 0x00007ffeabbee000 	C:\WINDOWS\System32\win32u.dll
0x00007ffeae1a0000 - 0x00007ffeae1d4000 	C:\WINDOWS\System32\GDI32.dll
0x00007ffeab2b0000 - 0x00007ffeab432000 	C:\WINDOWS\System32\gdi32full.dll
0x00007ffea3a20000 - 0x00007ffea3c99000 	C:\WINDOWS\WinSxS\amd64_microsoft.windows.common-controls_6595b64144ccf1df_6.0.14393.0_none_2d0f50fcbdb171b8\COMCTL32.dll
0x00007ffeae390000 - 0x00007ffeae657000 	C:\WINDOWS\System32\combase.dll
0x00007ffeaacb0000 - 0x00007ffeaada5000 	C:\WINDOWS\System32\ucrtbase.dll
0x00007ffeaabf0000 - 0x00007ffeaac5a000 	C:\WINDOWS\System32\bcryptPrimitives.dll
0x00007ffeabd90000 - 0x00007ffeabdbe000 	C:\WINDOWS\System32\IMM32.DLL
0x000000006b540000 - 0x000000006b612000 	C:\Program Files\Java\jdk1.8.0_92\jre\bin\msvcr100.dll
0x000000006b9d0000 - 0x000000006c266000 	C:\Program Files\Java\jdk1.8.0_92\jre\bin\server\jvm.dll
0x00007ffeae1e0000 - 0x00007ffeae1e8000 	C:\WINDOWS\System32\PSAPI.DLL
0x00007ffe9d9a0000 - 0x00007ffe9d9a9000 	C:\WINDOWS\SYSTEM32\WSOCK32.dll
0x00007ffeabe40000 - 0x00007ffeabeaa000 	C:\WINDOWS\System32\WS2_32.dll
0x00007ffea8f10000 - 0x00007ffea8f33000 	C:\WINDOWS\SYSTEM32\WINMM.dll
0x00007ffea5c20000 - 0x00007ffea5c2a000 	C:\WINDOWS\SYSTEM32\VERSION.dll
0x00007ffea8eb0000 - 0x00007ffea8edb000 	C:\WINDOWS\SYSTEM32\WINMMBASE.dll
0x00007ffeaac60000 - 0x00007ffeaaca2000 	C:\WINDOWS\System32\cfgmgr32.dll
0x000000006b9c0000 - 0x000000006b9cf000 	C:\Program Files\Java\jdk1.8.0_92\jre\bin\verify.dll
0x000000006b990000 - 0x000000006b9b9000 	C:\Program Files\Java\jdk1.8.0_92\jre\bin\java.dll
0x000000006b970000 - 0x000000006b986000 	C:\Program Files\Java\jdk1.8.0_92\jre\bin\zip.dll
0x00007ffeac500000 - 0x00007ffeada08000 	C:\WINDOWS\System32\SHELL32.dll
0x00007ffeab440000 - 0x00007ffeabb1a000 	C:\WINDOWS\System32\windows.storage.dll
0x00007ffeaab80000 - 0x00007ffeaabcc000 	C:\WINDOWS\System32\powrprof.dll
0x00007ffeabdd0000 - 0x00007ffeabe22000 	C:\WINDOWS\System32\shlwapi.dll
0x00007ffeaab60000 - 0x00007ffeaab6f000 	C:\WINDOWS\System32\kernel.appcore.dll
0x00007ffeaafd0000 - 0x00007ffeab079000 	C:\WINDOWS\System32\shcore.dll
0x00007ffeaabd0000 - 0x00007ffeaabe4000 	C:\WINDOWS\System32\profapi.dll

VM Arguments:
jvm_args: -Djava.awt.headless=true -Xmx1024M -Dfile.encoding=x-windows-949 -Duser.country=KR -Duser.language=ko -Duser.variant 
java_command: com.android.dx.command.Main --dex --force-jumbo --num-threads=4 --multi-dex --output D:\work\GitHub\AndroidStudioProjects\CustomView\app\build\intermediates\transforms\dex\debug\folders\1000\10\com.android.support-recyclerview-v7-23.4.0_e70354cf905a4651d6796f5af783391ea4cea08e D:\work\GitHub\AndroidStudioProjects\CustomView\app\build\intermediates\exploded-aar\com.android.support\recyclerview-v7\23.4.0\jars\classes.jar
java_class_path (initial): C:\Users\juniair\AppData\Local\Android\sdk\build-tools\24.0.1\lib\dx.jar
Launcher Type: SUN_STANDARD

Environment Variables:
JAVA_HOME=C:\Program Files\Java\jdk1.8.0_92
PATH=C:\Python27\;C:\Python27\Scripts;C:\ProgramData\Oracle\Java\javapath;C:\Windows\system32;C:\Windows;C:\Windows\System32\Wbem;C:\Windows\System32\WindowsPowerShell\v1.0\;C:\Users\juniair\.dnx\bin;C:\Program Files\Microsoft DNX\Dnvm\;C:\Program Files\Microsoft SQL Server\120\Tools\Binn\;C:\Program Files\Microsoft SQL Server\130\Tools\Binn\;C:\Program Files\Git\cmd;C:\Program Files (x86)\MySQL\MySQL Fabric 1.5 & MySQL Utilities 1.5\;C:\Program Files (x86)\MySQL\MySQL Fabric 1.5 & MySQL Utilities 1.5\Doctrine extensions for PHP\;C:\Ruby23-x64\bin;C:\Program Files\Bandizip\7z;C:\adb;C:\Python27\python;C:\Go\bin;C:\Program Files (x86)\NVIDIA Corporation\PhysX\Common;C:\WINDOWS\system32\config\systemprofile\.dnx\bin;C:\Program Files (x86)\Windows Kits\8.1\Windows Performance Toolkit\;C:\Program Files\Java\jdk1.8.0_92\bin;C:\Program Files\Java\jre1.8.0_92\bin;C:\openssl-0.9.8k_X64\bin;C:\ffmpeg\bin;C:\WINDOWS\system32;C:\WINDOWS;C:\WINDOWS\System32\Wbem;C:\WINDOWS\System32\WindowsPowerShell\v1.0\;C:\Ruby23-x64\bin;C:\Program Files\Bandizip\7z;C:\Users\juniair\AppData\Local\Microsoft\WindowsApps;
USERNAME=juniair
OS=Windows_NT
PROCESSOR_IDENTIFIER=Intel64 Family 6 Model 94 Stepping 3, GenuineIntel



---------------  S Y S T E M  ---------------

OS: Windows 10.0 , 64 bit Build 14393 (10.0.14393.0)

CPU:total 4 (4 cores per cpu, 1 threads per core) family 6 model 94 stepping 3, cmov, cx8, fxsr, mmx, sse, sse2, sse3, ssse3, sse4.1, sse4.2, popcnt, avx, avx2, aes, clmul, erms, rtm, 3dnowpref, lzcnt, tsc, tscinvbit, bmi1, bmi2, adx

Memory: 4k page, physical 16728660k(2544764k free), swap 16728660k(5280k free)

vm_info: Java HotSpot(TM) 64-Bit Server VM (25.92-b14) for windows-amd64 JRE (1.8.0_92-b14), built on Mar 31 2016 21:03:04 by "java_re" with MS VC++ 10.0 (VS2010)

time: Mon Aug 08 23:13:52 2016
elapsed time: 1 seconds (0d 0h 0m 1s)

